<?xml version="1.0" encoding="utf-8"?>
<TestRun id="c8687e56-65a8-4c10-abc6-78aa4bab31f6" name="@fv-az711-489 2024-03-21 05:12:00" xmlns="http://microsoft.com/schemas/VisualStudio/TeamTest/2010">
  <Times creation="2024-03-21T05:12:00.4613757+00:00" queuing="2024-03-21T05:12:00.4613757+00:00" start="2024-03-21T05:11:58.0507247+00:00" finish="2024-03-21T05:12:00.4675793+00:00" />
  <TestSettings name="default" id="a3e79d8c-b354-47f5-852c-f9f4a0b9b957">
    <Deployment runDeploymentRoot="_fv-az711-489_2024-03-21_05_12_00" />
  </TestSettings>
  <Results>
    <UnitTestResult executionId="423dacd8-b082-478f-ab5b-055cc9e2104c" testId="00ff9f7c-a118-0f3d-24e9-77b6f65125f7" testName="Subtract two numbers" computerName="fv-az711-489" duration="00:00:00.1403326" startTime="2024-03-21T05:11:59.8849243+00:00" endTime="2024-03-21T05:11:59.8849495+00:00" testType="13cdc9d9-ddb5-4fa4-a97d-d965ccfc6d4b" outcome="Passed" testListId="8c84fa94-04c1-424b-9868-57a2d4851a1d" relativeResultsDirectory="423dacd8-b082-478f-ab5b-055cc9e2104c">
      <Output>
        <StdOut>Given the first number is 120
-&gt; done: CalculatorStepDefinitions.GivenTheFirstNumberIs(120) (0.0s)
And the second number is 70
-&gt; done: CalculatorStepDefinitions.GivenTheSecondNumberIs(70) (0.0s)
When the two numbers are subtracted
-&gt; done: CalculatorStepDefinitions.WhenTheTwoNumbersAreSubtracted() (0.0s)
Then the result should be 50
-&gt; done: CalculatorStepDefinitions.ThenTheResultShouldBe(50) (0.0s)</StdOut>
      </Output>
    </UnitTestResult>
    <UnitTestResult executionId="4cb25ac9-98b6-48ba-8689-17b04625e1fc" testId="d7e86b81-3b21-ff4c-6751-c1e858bcd0d8" testName="Add two numbers" computerName="fv-az711-489" duration="00:00:00.0020593" startTime="2024-03-21T05:11:59.8890157+00:00" endTime="2024-03-21T05:11:59.8890160+00:00" testType="13cdc9d9-ddb5-4fa4-a97d-d965ccfc6d4b" outcome="Passed" testListId="8c84fa94-04c1-424b-9868-57a2d4851a1d" relativeResultsDirectory="4cb25ac9-98b6-48ba-8689-17b04625e1fc">
      <Output>
        <StdOut>Given the first number is 50
-&gt; done: CalculatorStepDefinitions.GivenTheFirstNumberIs(50) (0.0s)
And the second number is 70
-&gt; done: CalculatorStepDefinitions.GivenTheSecondNumberIs(70) (0.0s)
When the two numbers are added
-&gt; done: CalculatorStepDefinitions.WhenTheTwoNumbersAreAdded() (0.0s)
Then the result should be 120
-&gt; done: CalculatorStepDefinitions.ThenTheResultShouldBe(120) (0.0s)</StdOut>
      </Output>
    </UnitTestResult>
  </Results>
  <TestDefinitions>
    <UnitTest name="Subtract two numbers" storage="/home/runner/work/specflow-calculator/specflow-calculator/specflowcalculator.specs/bin/release/netcoreapp3.1/specflowcalculator.specs.dll" id="00ff9f7c-a118-0f3d-24e9-77b6f65125f7">
      <Execution id="423dacd8-b082-478f-ab5b-055cc9e2104c" />
      <TestMethod codeBase="/home/runner/work/specflow-calculator/specflow-calculator/SpecFlowCalculator.Specs/bin/Release/netcoreapp3.1/SpecFlowCalculator.Specs.dll" adapterTypeName="executor://xunit/VsTestRunner2/netcoreapp" className="SpecFlowCalculator.Specs.CalculatorFeature" name="SubtractTwoNumbers" />
    </UnitTest>
    <UnitTest name="Add two numbers" storage="/home/runner/work/specflow-calculator/specflow-calculator/specflowcalculator.specs/bin/release/netcoreapp3.1/specflowcalculator.specs.dll" id="d7e86b81-3b21-ff4c-6751-c1e858bcd0d8">
      <Execution id="4cb25ac9-98b6-48ba-8689-17b04625e1fc" />
      <TestMethod codeBase="/home/runner/work/specflow-calculator/specflow-calculator/SpecFlowCalculator.Specs/bin/Release/netcoreapp3.1/SpecFlowCalculator.Specs.dll" adapterTypeName="executor://xunit/VsTestRunner2/netcoreapp" className="SpecFlowCalculator.Specs.CalculatorFeature" name="AddTwoNumbers" />
    </UnitTest>
  </TestDefinitions>
  <TestEntries>
    <TestEntry testId="00ff9f7c-a118-0f3d-24e9-77b6f65125f7" executionId="423dacd8-b082-478f-ab5b-055cc9e2104c" testListId="8c84fa94-04c1-424b-9868-57a2d4851a1d" />
    <TestEntry testId="d7e86b81-3b21-ff4c-6751-c1e858bcd0d8" executionId="4cb25ac9-98b6-48ba-8689-17b04625e1fc" testListId="8c84fa94-04c1-424b-9868-57a2d4851a1d" />
  </TestEntries>
  <TestLists>
    <TestList name="Results Not in a List" id="8c84fa94-04c1-424b-9868-57a2d4851a1d" />
    <TestList name="All Loaded Results" id="19431567-8539-422a-85d7-44ee4e166bda" />
  </TestLists>
  <ResultSummary outcome="Completed">
    <Counters total="2" executed="2" passed="2" failed="0" error="0" timeout="0" aborted="0" inconclusive="0" passedButRunAborted="0" notRunnable="0" notExecuted="0" disconnected="0" warning="0" completed="0" inProgress="0" pending="0" />
    <Output>
      <StdOut>[xUnit.net 00:00:00.00] xUnit.net VSTest Adapter v2.4.3+1b45f5407b (64-bit .NET Core 3.1.32)
[xUnit.net 00:00:00.50]   Discovering: SpecFlowCalculator.Specs
[xUnit.net 00:00:00.54]   Discovered:  SpecFlowCalculator.Specs
[xUnit.net 00:00:00.55]   Starting:    SpecFlowCalculator.Specs
[xUnit.net 00:00:01.25]   Finished:    SpecFlowCalculator.Specs
</StdOut>
    </Output>
  </ResultSummary>
</TestRun>